<?xml version="1.0" encoding="UTF-8"?>
<!-- Generated by org.testng.reporters.JUnitReportReporter -->
<testsuite hostname="DEVOPS_12" name="Runner.Test_Runner" tests="1" failures="0" timestamp="24 Aug 2018 04:07:56 GMT" time="0.015" errors="0">
  <testcase name="test" time="0.015" classname="Runner.Test_Runner"/>
</testsuite> <!-- Runner.Test_Runner -->
